Determining if the pthread_create exist failed with the following output:
Change Dir: /home/lenna/repositories/Lenna-Mobile-Robot-ONE/lenna_ws/build/lenna_description/CMakeFiles/CMakeTmp

Run Build Command:"/usr/bin/make" "cmTC_72234/fast"
/usr/bin/make -f CMakeFiles/cmTC_72234.dir/build.make CMakeFiles/cmTC_72234.dir/build
make[1]: Entering directory '/home/lenna/repositories/Lenna-Mobile-Robot-ONE/lenna_ws/build/lenna_description/CMakeFiles/CMakeTmp'
Building C object CMakeFiles/cmTC_72234.dir/CheckSymbolExists.c.o
/usr/bin/cc    -o CMakeFiles/cmTC_72234.dir/CheckSymbolExists.c.o   -c /home/lenna/repositories/Lenna-Mobile-Robot-ONE/lenna_ws/build/lenna_description/CMakeFiles/CMakeTmp/CheckSymbolExists.c
Linking C executable cmTC_72234
/usr/bin/cmake -E cmake_link_script CMakeFiles/cmTC_72234.dir/link.txt --verbose=1
/usr/bin/cc      -rdynamic CMakeFiles/cmTC_72234.dir/CheckSymbolExists.c.o  -o cmTC_72234 
CMakeFiles/cmTC_72234.dir/CheckSymbolExists.c.o: In function `main':
CheckSymbolExists.c:(.text+0x14): undefined reference to `pthread_create'
CheckSymbolExists.c:(.text+0x18): undefined reference to `pthread_create'
collect2: error: ld returned 1 exit status
CMakeFiles/cmTC_72234.dir/build.make:97: recipe for target 'cmTC_72234' failed
make[1]: *** [cmTC_72234] Error 1
make[1]: Leaving directory '/home/lenna/repositories/Lenna-Mobile-Robot-ONE/lenna_ws/build/lenna_description/CMakeFiles/CMakeTmp'
Makefile:126: recipe for target 'cmTC_72234/fast' failed
make: *** [cmTC_72234/fast] Error 2

File /home/lenna/repositories/Lenna-Mobile-Robot-ONE/lenna_ws/build/lenna_description/CMakeFiles/CMakeTmp/CheckSymbolExists.c:
/* */
#include <pthread.h>

int main(int argc, char** argv)
{
  (void)argv;
#ifndef pthread_create
  return ((int*)(&pthread_create))[argc];
#else
  (void)argc;
  return 0;
#endif
}

Determining if the function pthread_create exists in the pthreads failed with the following output:
Change Dir: /home/lenna/repositories/Lenna-Mobile-Robot-ONE/lenna_ws/build/lenna_description/CMakeFiles/CMakeTmp

Run Build Command:"/usr/bin/make" "cmTC_fe4d8/fast"
/usr/bin/make -f CMakeFiles/cmTC_fe4d8.dir/build.make CMakeFiles/cmTC_fe4d8.dir/build
make[1]: Entering directory '/home/lenna/repositories/Lenna-Mobile-Robot-ONE/lenna_ws/build/lenna_description/CMakeFiles/CMakeTmp'
Building C object CMakeFiles/cmTC_fe4d8.dir/CheckFunctionExists.c.o
/usr/bin/cc   -DCHECK_FUNCTION_EXISTS=pthread_create   -o CMakeFiles/cmTC_fe4d8.dir/CheckFunctionExists.c.o   -c /usr/share/cmake-3.10/Modules/CheckFunctionExists.c
Linking C executable cmTC_fe4d8
/usr/bin/cmake -E cmake_link_script CMakeFiles/cmTC_fe4d8.dir/link.txt --verbose=1
/usr/bin/cc  -DCHECK_FUNCTION_EXISTS=pthread_create    -rdynamic CMakeFiles/cmTC_fe4d8.dir/CheckFunctionExists.c.o  -o cmTC_fe4d8 -lpthreads 
/usr/bin/ld: cannot find -lpthreads
collect2: error: ld returned 1 exit status
CMakeFiles/cmTC_fe4d8.dir/build.make:97: recipe for target 'cmTC_fe4d8' failed
make[1]: *** [cmTC_fe4d8] Error 1
make[1]: Leaving directory '/home/lenna/repositories/Lenna-Mobile-Robot-ONE/lenna_ws/build/lenna_description/CMakeFiles/CMakeTmp'
Makefile:126: recipe for target 'cmTC_fe4d8/fast' failed
make: *** [cmTC_fe4d8/fast] Error 2


