Determining if the pthread_create exist failed with the following output:
Change Dir: /home/lenna/repositories/Lenna-Mobile-Robot-ONE/lenna_ws/build/lenna_teleop/CMakeFiles/CMakeTmp

Run Build Command:"/usr/bin/make" "cmTC_2898f/fast"
/usr/bin/make -f CMakeFiles/cmTC_2898f.dir/build.make CMakeFiles/cmTC_2898f.dir/build
make[1]: Entering directory '/home/lenna/repositories/Lenna-Mobile-Robot-ONE/lenna_ws/build/lenna_teleop/CMakeFiles/CMakeTmp'
Building C object CMakeFiles/cmTC_2898f.dir/CheckSymbolExists.c.o
/usr/bin/cc    -o CMakeFiles/cmTC_2898f.dir/CheckSymbolExists.c.o   -c /home/lenna/repositories/Lenna-Mobile-Robot-ONE/lenna_ws/build/lenna_teleop/CMakeFiles/CMakeTmp/CheckSymbolExists.c
Linking C executable cmTC_2898f
/usr/bin/cmake -E cmake_link_script CMakeFiles/cmTC_2898f.dir/link.txt --verbose=1
/usr/bin/cc      -rdynamic CMakeFiles/cmTC_2898f.dir/CheckSymbolExists.c.o  -o cmTC_2898f 
CMakeFiles/cmTC_2898f.dir/CheckSymbolExists.c.o: In function `main':
CheckSymbolExists.c:(.text+0x14): undefined reference to `pthread_create'
CheckSymbolExists.c:(.text+0x18): undefined reference to `pthread_create'
collect2: error: ld returned 1 exit status
CMakeFiles/cmTC_2898f.dir/build.make:97: recipe for target 'cmTC_2898f' failed
make[1]: *** [cmTC_2898f] Error 1
make[1]: Leaving directory '/home/lenna/repositories/Lenna-Mobile-Robot-ONE/lenna_ws/build/lenna_teleop/CMakeFiles/CMakeTmp'
Makefile:126: recipe for target 'cmTC_2898f/fast' failed
make: *** [cmTC_2898f/fast] Error 2

File /home/lenna/repositories/Lenna-Mobile-Robot-ONE/lenna_ws/build/lenna_teleop/CMakeFiles/CMakeTmp/CheckSymbolExists.c:
/* */
#include <pthread.h>

int main(int argc, char** argv)
{
  (void)argv;
#ifndef pthread_create
  return ((int*)(&pthread_create))[argc];
#else
  (void)argc;
  return 0;
#endif
}

Determining if the function pthread_create exists in the pthreads failed with the following output:
Change Dir: /home/lenna/repositories/Lenna-Mobile-Robot-ONE/lenna_ws/build/lenna_teleop/CMakeFiles/CMakeTmp

Run Build Command:"/usr/bin/make" "cmTC_c1036/fast"
/usr/bin/make -f CMakeFiles/cmTC_c1036.dir/build.make CMakeFiles/cmTC_c1036.dir/build
make[1]: Entering directory '/home/lenna/repositories/Lenna-Mobile-Robot-ONE/lenna_ws/build/lenna_teleop/CMakeFiles/CMakeTmp'
Building C object CMakeFiles/cmTC_c1036.dir/CheckFunctionExists.c.o
/usr/bin/cc   -DCHECK_FUNCTION_EXISTS=pthread_create   -o CMakeFiles/cmTC_c1036.dir/CheckFunctionExists.c.o   -c /usr/share/cmake-3.10/Modules/CheckFunctionExists.c
Linking C executable cmTC_c1036
/usr/bin/cmake -E cmake_link_script CMakeFiles/cmTC_c1036.dir/link.txt --verbose=1
/usr/bin/cc  -DCHECK_FUNCTION_EXISTS=pthread_create    -rdynamic CMakeFiles/cmTC_c1036.dir/CheckFunctionExists.c.o  -o cmTC_c1036 -lpthreads 
/usr/bin/ld: cannot find -lpthreads
collect2: error: ld returned 1 exit status
CMakeFiles/cmTC_c1036.dir/build.make:97: recipe for target 'cmTC_c1036' failed
make[1]: *** [cmTC_c1036] Error 1
make[1]: Leaving directory '/home/lenna/repositories/Lenna-Mobile-Robot-ONE/lenna_ws/build/lenna_teleop/CMakeFiles/CMakeTmp'
Makefile:126: recipe for target 'cmTC_c1036/fast' failed
make: *** [cmTC_c1036/fast] Error 2


