Performing C SOURCE FILE Test CMAKE_HAVE_LIBC_PTHREAD failed with the following output:
Change Dir: /home/lenna/repositories/Lenna-Mobile-Robot-ONE/lenna_ws/build/lenna_msgs/CMakeFiles/CMakeScratch/TryCompile-110GK1

Run Build Command(s):/usr/bin/make -f Makefile cmTC_7f0df/fast && /usr/bin/make  -f CMakeFiles/cmTC_7f0df.dir/build.make CMakeFiles/cmTC_7f0df.dir/build
make[1]: Entering directory '/home/lenna/repositories/Lenna-Mobile-Robot-ONE/lenna_ws/build/lenna_msgs/CMakeFiles/CMakeScratch/TryCompile-110GK1'
Building C object CMakeFiles/cmTC_7f0df.dir/src.c.o
/usr/bin/cc -DCMAKE_HAVE_LIBC_PTHREAD   -o CMakeFiles/cmTC_7f0df.dir/src.c.o -c /home/lenna/repositories/Lenna-Mobile-Robot-ONE/lenna_ws/build/lenna_msgs/CMakeFiles/CMakeScratch/TryCompile-110GK1/src.c
Linking C executable cmTC_7f0df
/usr/bin/cmake -E cmake_link_script CMakeFiles/cmTC_7f0df.dir/link.txt --verbose=1
/usr/bin/cc -rdynamic CMakeFiles/cmTC_7f0df.dir/src.c.o -o cmTC_7f0df 
CMakeFiles/cmTC_7f0df.dir/src.c.o: In function `main':
src.c:(.text+0x48): undefined reference to `pthread_create'
src.c:(.text+0x50): undefined reference to `pthread_detach'
src.c:(.text+0x58): undefined reference to `pthread_cancel'
src.c:(.text+0x64): undefined reference to `pthread_join'
src.c:(.text+0x74): undefined reference to `pthread_atfork'
collect2: error: ld returned 1 exit status
CMakeFiles/cmTC_7f0df.dir/build.make:98: recipe for target 'cmTC_7f0df' failed
make[1]: *** [cmTC_7f0df] Error 1
make[1]: Leaving directory '/home/lenna/repositories/Lenna-Mobile-Robot-ONE/lenna_ws/build/lenna_msgs/CMakeFiles/CMakeScratch/TryCompile-110GK1'
Makefile:127: recipe for target 'cmTC_7f0df/fast' failed
make: *** [cmTC_7f0df/fast] Error 2


Source file was:
#include <pthread.h>

static void* test_func(void* data)
{
  return data;
}

int main(void)
{
  pthread_t thread;
  pthread_create(&thread, NULL, test_func, NULL);
  pthread_detach(thread);
  pthread_cancel(thread);
  pthread_join(thread, NULL);
  pthread_atfork(NULL, NULL, NULL);
  pthread_exit(NULL);

  return 0;
}


Determining if the function pthread_create exists in the pthreads failed with the following output:
Change Dir: /home/lenna/repositories/Lenna-Mobile-Robot-ONE/lenna_ws/build/lenna_msgs/CMakeFiles/CMakeScratch/TryCompile-4zfTjd

Run Build Command(s):/usr/bin/make -f Makefile cmTC_37776/fast && /usr/bin/make  -f CMakeFiles/cmTC_37776.dir/build.make CMakeFiles/cmTC_37776.dir/build
make[1]: Entering directory '/home/lenna/repositories/Lenna-Mobile-Robot-ONE/lenna_ws/build/lenna_msgs/CMakeFiles/CMakeScratch/TryCompile-4zfTjd'
Building C object CMakeFiles/cmTC_37776.dir/CheckFunctionExists.c.o
/usr/bin/cc   -DCHECK_FUNCTION_EXISTS=pthread_create -o CMakeFiles/cmTC_37776.dir/CheckFunctionExists.c.o -c /home/lenna/repositories/Lenna-Mobile-Robot-ONE/lenna_ws/build/lenna_msgs/CMakeFiles/CMakeScratch/TryCompile-4zfTjd/CheckFunctionExists.c
Linking C executable cmTC_37776
/usr/bin/cmake -E cmake_link_script CMakeFiles/cmTC_37776.dir/link.txt --verbose=1
/usr/bin/cc  -DCHECK_FUNCTION_EXISTS=pthread_create -rdynamic CMakeFiles/cmTC_37776.dir/CheckFunctionExists.c.o -o cmTC_37776  -lpthreads 
/usr/bin/ld: cannot find -lpthreads
collect2: error: ld returned 1 exit status
CMakeFiles/cmTC_37776.dir/build.make:98: recipe for target 'cmTC_37776' failed
make[1]: *** [cmTC_37776] Error 1
make[1]: Leaving directory '/home/lenna/repositories/Lenna-Mobile-Robot-ONE/lenna_ws/build/lenna_msgs/CMakeFiles/CMakeScratch/TryCompile-4zfTjd'
Makefile:127: recipe for target 'cmTC_37776/fast' failed
make: *** [cmTC_37776/fast] Error 2



