Performing C SOURCE FILE Test CMAKE_HAVE_LIBC_PTHREAD failed with the following output:
Change Dir: /home/lenna/repositories/Lenna-Mobile-Robot-ONE/lenna_ws/build/ldlidar_stl_ros/CMakeFiles/CMakeScratch/TryCompile-nu6Usr

Run Build Command(s):/usr/bin/make -f Makefile cmTC_f6173/fast && /usr/bin/make  -f CMakeFiles/cmTC_f6173.dir/build.make CMakeFiles/cmTC_f6173.dir/build
make[1]: Entering directory '/home/lenna/repositories/Lenna-Mobile-Robot-ONE/lenna_ws/build/ldlidar_stl_ros/CMakeFiles/CMakeScratch/TryCompile-nu6Usr'
Building C object CMakeFiles/cmTC_f6173.dir/src.c.o
/usr/bin/cc -DCMAKE_HAVE_LIBC_PTHREAD   -o CMakeFiles/cmTC_f6173.dir/src.c.o -c /home/lenna/repositories/Lenna-Mobile-Robot-ONE/lenna_ws/build/ldlidar_stl_ros/CMakeFiles/CMakeScratch/TryCompile-nu6Usr/src.c
Linking C executable cmTC_f6173
/usr/bin/cmake -E cmake_link_script CMakeFiles/cmTC_f6173.dir/link.txt --verbose=1
/usr/bin/cc -rdynamic CMakeFiles/cmTC_f6173.dir/src.c.o -o cmTC_f6173 
CMakeFiles/cmTC_f6173.dir/src.c.o: In function `main':
src.c:(.text+0x48): undefined reference to `pthread_create'
src.c:(.text+0x50): undefined reference to `pthread_detach'
src.c:(.text+0x58): undefined reference to `pthread_cancel'
src.c:(.text+0x64): undefined reference to `pthread_join'
src.c:(.text+0x74): undefined reference to `pthread_atfork'
collect2: error: ld returned 1 exit status
CMakeFiles/cmTC_f6173.dir/build.make:98: recipe for target 'cmTC_f6173' failed
make[1]: *** [cmTC_f6173] Error 1
make[1]: Leaving directory '/home/lenna/repositories/Lenna-Mobile-Robot-ONE/lenna_ws/build/ldlidar_stl_ros/CMakeFiles/CMakeScratch/TryCompile-nu6Usr'
Makefile:127: recipe for target 'cmTC_f6173/fast' failed
make: *** [cmTC_f6173/fast] Error 2


Source file was:
#include <pthread.h>

static void* test_func(void* data)
{
  return data;
}

int main(void)
{
  pthread_t thread;
  pthread_create(&thread, NULL, test_func, NULL);
  pthread_detach(thread);
  pthread_cancel(thread);
  pthread_join(thread, NULL);
  pthread_atfork(NULL, NULL, NULL);
  pthread_exit(NULL);

  return 0;
}


Determining if the function pthread_create exists in the pthreads failed with the following output:
Change Dir: /home/lenna/repositories/Lenna-Mobile-Robot-ONE/lenna_ws/build/ldlidar_stl_ros/CMakeFiles/CMakeScratch/TryCompile-O2Hyu7

Run Build Command(s):/usr/bin/make -f Makefile cmTC_6e804/fast && /usr/bin/make  -f CMakeFiles/cmTC_6e804.dir/build.make CMakeFiles/cmTC_6e804.dir/build
make[1]: Entering directory '/home/lenna/repositories/Lenna-Mobile-Robot-ONE/lenna_ws/build/ldlidar_stl_ros/CMakeFiles/CMakeScratch/TryCompile-O2Hyu7'
Building C object CMakeFiles/cmTC_6e804.dir/CheckFunctionExists.c.o
/usr/bin/cc   -DCHECK_FUNCTION_EXISTS=pthread_create -o CMakeFiles/cmTC_6e804.dir/CheckFunctionExists.c.o -c /home/lenna/repositories/Lenna-Mobile-Robot-ONE/lenna_ws/build/ldlidar_stl_ros/CMakeFiles/CMakeScratch/TryCompile-O2Hyu7/CheckFunctionExists.c
Linking C executable cmTC_6e804
/usr/bin/cmake -E cmake_link_script CMakeFiles/cmTC_6e804.dir/link.txt --verbose=1
/usr/bin/cc  -DCHECK_FUNCTION_EXISTS=pthread_create -rdynamic CMakeFiles/cmTC_6e804.dir/CheckFunctionExists.c.o -o cmTC_6e804  -lpthreads 
/usr/bin/ld: cannot find -lpthreads
collect2: error: ld returned 1 exit status
CMakeFiles/cmTC_6e804.dir/build.make:98: recipe for target 'cmTC_6e804' failed
make[1]: *** [cmTC_6e804] Error 1
make[1]: Leaving directory '/home/lenna/repositories/Lenna-Mobile-Robot-ONE/lenna_ws/build/ldlidar_stl_ros/CMakeFiles/CMakeScratch/TryCompile-O2Hyu7'
Makefile:127: recipe for target 'cmTC_6e804/fast' failed
make: *** [cmTC_6e804/fast] Error 2



